<?xml version="1.0" encoding="UTF-8"?>
<testsuite xmlns:xsi="http://www.w3.org/2001/XMLSchema-instance" xsi:noNamespaceSchemaLocation="https://maven.apache.org/surefire/maven-surefire-plugin/xsd/surefire-test-report.xsd" version="3.0.2" name="es.udc.fic.xpn.app.dao.TestAlmacenDAO" time="0.655" tests="4" errors="0" skipped="0" failures="0">
  <properties>
    <property name="java.specification.version" value="21"/>
    <property name="sun.cpu.isalist" value="amd64"/>
    <property name="sun.jnu.encoding" value="Cp1252"/>
    <property name="java.class.path" value="C:\Users\Andrea\XPN-P2\XPN_P2\target\test-classes;C:\Users\Andrea\XPN-P2\XPN_P2\target\classes;C:\Users\Andrea\.m2\repository\org\springframework\boot\spring-boot-starter-web\3.4.3\spring-boot-starter-web-3.4.3.jar;C:\Users\Andrea\.m2\repository\org\springframework\boot\spring-boot-starter\3.4.3\spring-boot-starter-3.4.3.jar;C:\Users\Andrea\.m2\repository\org\springframework\boot\spring-boot\3.4.3\spring-boot-3.4.3.jar;C:\Users\Andrea\.m2\repository\org\springframework\boot\spring-boot-autoconfigure\3.4.3\spring-boot-autoconfigure-3.4.3.jar;C:\Users\Andrea\.m2\repository\org\springframework\boot\spring-boot-starter-logging\3.4.3\spring-boot-starter-logging-3.4.3.jar;C:\Users\Andrea\.m2\repository\ch\qos\logback\logback-classic\1.5.16\logback-classic-1.5.16.jar;C:\Users\Andrea\.m2\repository\ch\qos\logback\logback-core\1.5.16\logback-core-1.5.16.jar;C:\Users\Andrea\.m2\repository\org\apache\logging\log4j\log4j-to-slf4j\2.24.3\log4j-to-slf4j-2.24.3.jar;C:\Users\Andrea\.m2\repository\org\apache\logging\log4j\log4j-api\2.24.3\log4j-api-2.24.3.jar;C:\Users\Andrea\.m2\repository\org\slf4j\jul-to-slf4j\2.0.16\jul-to-slf4j-2.0.16.jar;C:\Users\Andrea\.m2\repository\jakarta\annotation\jakarta.annotation-api\2.1.1\jakarta.annotation-api-2.1.1.jar;C:\Users\Andrea\.m2\repository\org\springframework\boot\spring-boot-starter-json\3.4.3\spring-boot-starter-json-3.4.3.jar;C:\Users\Andrea\.m2\repository\com\fasterxml\jackson\core\jackson-databind\2.18.2\jackson-databind-2.18.2.jar;C:\Users\Andrea\.m2\repository\com\fasterxml\jackson\core\jackson-annotations\2.18.2\jackson-annotations-2.18.2.jar;C:\Users\Andrea\.m2\repository\com\fasterxml\jackson\core\jackson-core\2.18.2\jackson-core-2.18.2.jar;C:\Users\Andrea\.m2\repository\com\fasterxml\jackson\datatype\jackson-datatype-jdk8\2.18.2\jackson-datatype-jdk8-2.18.2.jar;C:\Users\Andrea\.m2\repository\com\fasterxml\jackson\datatype\jackson-datatype-jsr310\2.18.2\jackson-datatype-jsr310-2.18.2.jar;C:\Users\Andrea\.m2\repository\com\fasterxml\jackson\module\jackson-module-parameter-names\2.18.2\jackson-module-parameter-names-2.18.2.jar;C:\Users\Andrea\.m2\repository\org\springframework\boot\spring-boot-starter-tomcat\3.4.3\spring-boot-starter-tomcat-3.4.3.jar;C:\Users\Andrea\.m2\repository\org\apache\tomcat\embed\tomcat-embed-core\10.1.36\tomcat-embed-core-10.1.36.jar;C:\Users\Andrea\.m2\repository\org\apache\tomcat\embed\tomcat-embed-websocket\10.1.36\tomcat-embed-websocket-10.1.36.jar;C:\Users\Andrea\.m2\repository\org\springframework\spring-web\6.2.3\spring-web-6.2.3.jar;C:\Users\Andrea\.m2\repository\io\micrometer\micrometer-observation\1.14.4\micrometer-observation-1.14.4.jar;C:\Users\Andrea\.m2\repository\io\micrometer\micrometer-commons\1.14.4\micrometer-commons-1.14.4.jar;C:\Users\Andrea\.m2\repository\org\springframework\spring-webmvc\6.2.3\spring-webmvc-6.2.3.jar;C:\Users\Andrea\.m2\repository\org\springframework\spring-aop\6.2.3\spring-aop-6.2.3.jar;C:\Users\Andrea\.m2\repository\org\springframework\spring-context\6.2.3\spring-context-6.2.3.jar;C:\Users\Andrea\.m2\repository\org\springframework\spring-expression\6.2.3\spring-expression-6.2.3.jar;C:\Users\Andrea\.m2\repository\org\springframework\boot\spring-boot-starter-test\3.4.3\spring-boot-starter-test-3.4.3.jar;C:\Users\Andrea\.m2\repository\org\springframework\boot\spring-boot-test\3.4.3\spring-boot-test-3.4.3.jar;C:\Users\Andrea\.m2\repository\org\springframework\boot\spring-boot-test-autoconfigure\3.4.3\spring-boot-test-autoconfigure-3.4.3.jar;C:\Users\Andrea\.m2\repository\com\jayway\jsonpath\json-path\2.9.0\json-path-2.9.0.jar;C:\Users\Andrea\.m2\repository\org\slf4j\slf4j-api\2.0.16\slf4j-api-2.0.16.jar;C:\Users\Andrea\.m2\repository\jakarta\xml\bind\jakarta.xml.bind-api\4.0.2\jakarta.xml.bind-api-4.0.2.jar;C:\Users\Andrea\.m2\repository\jakarta\activation\jakarta.activation-api\2.1.3\jakarta.activation-api-2.1.3.jar;C:\Users\Andrea\.m2\repository\net\minidev\json-smart\2.5.2\json-smart-2.5.2.jar;C:\Users\Andrea\.m2\repository\net\minidev\accessors-smart\2.5.2\accessors-smart-2.5.2.jar;C:\Users\Andrea\.m2\repository\org\ow2\asm\asm\9.7.1\asm-9.7.1.jar;C:\Users\Andrea\.m2\repository\org\assertj\assertj-core\3.26.3\assertj-core-3.26.3.jar;C:\Users\Andrea\.m2\repository\net\bytebuddy\byte-buddy\1.15.11\byte-buddy-1.15.11.jar;C:\Users\Andrea\.m2\repository\org\awaitility\awaitility\4.2.2\awaitility-4.2.2.jar;C:\Users\Andrea\.m2\repository\org\hamcrest\hamcrest\2.2\hamcrest-2.2.jar;C:\Users\Andrea\.m2\repository\org\junit\jupiter\junit-jupiter\5.11.4\junit-jupiter-5.11.4.jar;C:\Users\Andrea\.m2\repository\org\junit\jupiter\junit-jupiter-api\5.11.4\junit-jupiter-api-5.11.4.jar;C:\Users\Andrea\.m2\repository\org\opentest4j\opentest4j\1.3.0\opentest4j-1.3.0.jar;C:\Users\Andrea\.m2\repository\org\junit\platform\junit-platform-commons\1.11.4\junit-platform-commons-1.11.4.jar;C:\Users\Andrea\.m2\repository\org\apiguardian\apiguardian-api\1.1.2\apiguardian-api-1.1.2.jar;C:\Users\Andrea\.m2\repository\org\junit\jupiter\junit-jupiter-params\5.11.4\junit-jupiter-params-5.11.4.jar;C:\Users\Andrea\.m2\repository\org\junit\jupiter\junit-jupiter-engine\5.11.4\junit-jupiter-engine-5.11.4.jar;C:\Users\Andrea\.m2\repository\org\junit\platform\junit-platform-engine\1.11.4\junit-platform-engine-1.11.4.jar;C:\Users\Andrea\.m2\repository\org\mockito\mockito-core\5.14.2\mockito-core-5.14.2.jar;C:\Users\Andrea\.m2\repository\net\bytebuddy\byte-buddy-agent\1.15.11\byte-buddy-agent-1.15.11.jar;C:\Users\Andrea\.m2\repository\org\objenesis\objenesis\3.3\objenesis-3.3.jar;C:\Users\Andrea\.m2\repository\org\mockito\mockito-junit-jupiter\5.14.2\mockito-junit-jupiter-5.14.2.jar;C:\Users\Andrea\.m2\repository\org\skyscreamer\jsonassert\1.5.3\jsonassert-1.5.3.jar;C:\Users\Andrea\.m2\repository\com\vaadin\external\google\android-json\0.0.20131108.vaadin1\android-json-0.0.20131108.vaadin1.jar;C:\Users\Andrea\.m2\repository\org\springframework\spring-core\6.2.3\spring-core-6.2.3.jar;C:\Users\Andrea\.m2\repository\org\springframework\spring-jcl\6.2.3\spring-jcl-6.2.3.jar;C:\Users\Andrea\.m2\repository\org\springframework\spring-test\6.2.3\spring-test-6.2.3.jar;C:\Users\Andrea\.m2\repository\org\xmlunit\xmlunit-core\2.10.0\xmlunit-core-2.10.0.jar;C:\Users\Andrea\.m2\repository\org\springframework\boot\spring-boot-starter-jdbc\3.4.3\spring-boot-starter-jdbc-3.4.3.jar;C:\Users\Andrea\.m2\repository\com\zaxxer\HikariCP\5.1.0\HikariCP-5.1.0.jar;C:\Users\Andrea\.m2\repository\org\springframework\spring-jdbc\6.2.3\spring-jdbc-6.2.3.jar;C:\Users\Andrea\.m2\repository\org\springframework\spring-beans\6.2.3\spring-beans-6.2.3.jar;C:\Users\Andrea\.m2\repository\org\springframework\spring-tx\6.2.3\spring-tx-6.2.3.jar;C:\Users\Andrea\.m2\repository\org\testng\testng\6.2\testng-6.2.jar;C:\Users\Andrea\.m2\repository\junit\junit\4.13.2\junit-4.13.2.jar;C:\Users\Andrea\.m2\repository\org\hamcrest\hamcrest-core\2.2\hamcrest-core-2.2.jar;C:\Users\Andrea\.m2\repository\org\beanshell\bsh\2.0b4\bsh-2.0b4.jar;C:\Users\Andrea\.m2\repository\com\beust\jcommander\1.12\jcommander-1.12.jar;C:\Users\Andrea\.m2\repository\org\yaml\snakeyaml\2.3\snakeyaml-2.3.jar;C:\Users\Andrea\.m2\repository\org\postgresql\postgresql\42.7.5\postgresql-42.7.5.jar;C:\Users\Andrea\.m2\repository\org\checkerframework\checker-qual\3.48.3\checker-qual-3.48.3.jar;C:\Users\Andrea\.m2\repository\org\springdoc\springdoc-openapi-starter-webmvc-ui\2.8.5\springdoc-openapi-starter-webmvc-ui-2.8.5.jar;C:\Users\Andrea\.m2\repository\org\springdoc\springdoc-openapi-starter-webmvc-api\2.8.5\springdoc-openapi-starter-webmvc-api-2.8.5.jar;C:\Users\Andrea\.m2\repository\org\springdoc\springdoc-openapi-starter-common\2.8.5\springdoc-openapi-starter-common-2.8.5.jar;C:\Users\Andrea\.m2\repository\io\swagger\core\v3\swagger-core-jakarta\2.2.28\swagger-core-jakarta-2.2.28.jar;C:\Users\Andrea\.m2\repository\org\apache\commons\commons-lang3\3.17.0\commons-lang3-3.17.0.jar;C:\Users\Andrea\.m2\repository\io\swagger\core\v3\swagger-annotations-jakarta\2.2.28\swagger-annotations-jakarta-2.2.28.jar;C:\Users\Andrea\.m2\repository\io\swagger\core\v3\swagger-models-jakarta\2.2.28\swagger-models-jakarta-2.2.28.jar;C:\Users\Andrea\.m2\repository\com\fasterxml\jackson\dataformat\jackson-dataformat-yaml\2.18.2\jackson-dataformat-yaml-2.18.2.jar;C:\Users\Andrea\.m2\repository\org\webjars\swagger-ui\5.18.3\swagger-ui-5.18.3.jar;C:\Users\Andrea\.m2\repository\org\webjars\webjars-locator-lite\1.0.1\webjars-locator-lite-1.0.1.jar;C:\Users\Andrea\.m2\repository\org\jspecify\jspecify\1.0.0\jspecify-1.0.0.jar;C:\Users\Andrea\.m2\repository\org\springframework\boot\spring-boot-starter-validation\3.4.3\spring-boot-starter-validation-3.4.3.jar;C:\Users\Andrea\.m2\repository\org\apache\tomcat\embed\tomcat-embed-el\10.1.36\tomcat-embed-el-10.1.36.jar;C:\Users\Andrea\.m2\repository\org\hibernate\validator\hibernate-validator\8.0.2.Final\hibernate-validator-8.0.2.Final.jar;C:\Users\Andrea\.m2\repository\jakarta\validation\jakarta.validation-api\3.0.2\jakarta.validation-api-3.0.2.jar;C:\Users\Andrea\.m2\repository\org\jboss\logging\jboss-logging\3.6.1.Final\jboss-logging-3.6.1.Final.jar;C:\Users\Andrea\.m2\repository\com\fasterxml\classmate\1.7.0\classmate-1.7.0.jar;"/>
    <property name="java.vm.vendor" value="Eclipse Adoptium"/>
    <property name="sun.arch.data.model" value="64"/>
    <property name="user.variant" value=""/>
    <property name="java.vendor.url" value="https://adoptium.net/"/>
    <property name="user.timezone" value="Europe/Madrid"/>
    <property name="org.jboss.logging.provider" value="slf4j"/>
    <property name="os.name" value="Windows 11"/>
    <property name="java.vm.specification.version" value="21"/>
    <property name="APPLICATION_NAME" value="app"/>
    <property name="user.country" value="ES"/>
    <property name="sun.java.launcher" value="SUN_STANDARD"/>
    <property name="sun.boot.library.path" value="C:\Program Files\Eclipse Adoptium\jdk-21.0.4.7-hotspot\bin"/>
    <property name="sun.java.command" value="C:\Users\Andrea\AppData\Local\Temp\surefire8610411425577801023\surefirebooter-20250504175101456_3.jar C:\Users\Andrea\AppData\Local\Temp\surefire8610411425577801023 2025-05-04T17-51-01_215-jvmRun1 surefire-20250504175101456_1tmp surefire_0-20250504175101456_2tmp"/>
    <property name="jdk.debug" value="release"/>
    <property name="surefire.test.class.path" value="C:\Users\Andrea\XPN-P2\XPN_P2\target\test-classes;C:\Users\Andrea\XPN-P2\XPN_P2\target\classes;C:\Users\Andrea\.m2\repository\org\springframework\boot\spring-boot-starter-web\3.4.3\spring-boot-starter-web-3.4.3.jar;C:\Users\Andrea\.m2\repository\org\springframework\boot\spring-boot-starter\3.4.3\spring-boot-starter-3.4.3.jar;C:\Users\Andrea\.m2\repository\org\springframework\boot\spring-boot\3.4.3\spring-boot-3.4.3.jar;C:\Users\Andrea\.m2\repository\org\springframework\boot\spring-boot-autoconfigure\3.4.3\spring-boot-autoconfigure-3.4.3.jar;C:\Users\Andrea\.m2\repository\org\springframework\boot\spring-boot-starter-logging\3.4.3\spring-boot-starter-logging-3.4.3.jar;C:\Users\Andrea\.m2\repository\ch\qos\logback\logback-classic\1.5.16\logback-classic-1.5.16.jar;C:\Users\Andrea\.m2\repository\ch\qos\logback\logback-core\1.5.16\logback-core-1.5.16.jar;C:\Users\Andrea\.m2\repository\org\apache\logging\log4j\log4j-to-slf4j\2.24.3\log4j-to-slf4j-2.24.3.jar;C:\Users\Andrea\.m2\repository\org\apache\logging\log4j\log4j-api\2.24.3\log4j-api-2.24.3.jar;C:\Users\Andrea\.m2\repository\org\slf4j\jul-to-slf4j\2.0.16\jul-to-slf4j-2.0.16.jar;C:\Users\Andrea\.m2\repository\jakarta\annotation\jakarta.annotation-api\2.1.1\jakarta.annotation-api-2.1.1.jar;C:\Users\Andrea\.m2\repository\org\springframework\boot\spring-boot-starter-json\3.4.3\spring-boot-starter-json-3.4.3.jar;C:\Users\Andrea\.m2\repository\com\fasterxml\jackson\core\jackson-databind\2.18.2\jackson-databind-2.18.2.jar;C:\Users\Andrea\.m2\repository\com\fasterxml\jackson\core\jackson-annotations\2.18.2\jackson-annotations-2.18.2.jar;C:\Users\Andrea\.m2\repository\com\fasterxml\jackson\core\jackson-core\2.18.2\jackson-core-2.18.2.jar;C:\Users\Andrea\.m2\repository\com\fasterxml\jackson\datatype\jackson-datatype-jdk8\2.18.2\jackson-datatype-jdk8-2.18.2.jar;C:\Users\Andrea\.m2\repository\com\fasterxml\jackson\datatype\jackson-datatype-jsr310\2.18.2\jackson-datatype-jsr310-2.18.2.jar;C:\Users\Andrea\.m2\repository\com\fasterxml\jackson\module\jackson-module-parameter-names\2.18.2\jackson-module-parameter-names-2.18.2.jar;C:\Users\Andrea\.m2\repository\org\springframework\boot\spring-boot-starter-tomcat\3.4.3\spring-boot-starter-tomcat-3.4.3.jar;C:\Users\Andrea\.m2\repository\org\apache\tomcat\embed\tomcat-embed-core\10.1.36\tomcat-embed-core-10.1.36.jar;C:\Users\Andrea\.m2\repository\org\apache\tomcat\embed\tomcat-embed-websocket\10.1.36\tomcat-embed-websocket-10.1.36.jar;C:\Users\Andrea\.m2\repository\org\springframework\spring-web\6.2.3\spring-web-6.2.3.jar;C:\Users\Andrea\.m2\repository\io\micrometer\micrometer-observation\1.14.4\micrometer-observation-1.14.4.jar;C:\Users\Andrea\.m2\repository\io\micrometer\micrometer-commons\1.14.4\micrometer-commons-1.14.4.jar;C:\Users\Andrea\.m2\repository\org\springframework\spring-webmvc\6.2.3\spring-webmvc-6.2.3.jar;C:\Users\Andrea\.m2\repository\org\springframework\spring-aop\6.2.3\spring-aop-6.2.3.jar;C:\Users\Andrea\.m2\repository\org\springframework\spring-context\6.2.3\spring-context-6.2.3.jar;C:\Users\Andrea\.m2\repository\org\springframework\spring-expression\6.2.3\spring-expression-6.2.3.jar;C:\Users\Andrea\.m2\repository\org\springframework\boot\spring-boot-starter-test\3.4.3\spring-boot-starter-test-3.4.3.jar;C:\Users\Andrea\.m2\repository\org\springframework\boot\spring-boot-test\3.4.3\spring-boot-test-3.4.3.jar;C:\Users\Andrea\.m2\repository\org\springframework\boot\spring-boot-test-autoconfigure\3.4.3\spring-boot-test-autoconfigure-3.4.3.jar;C:\Users\Andrea\.m2\repository\com\jayway\jsonpath\json-path\2.9.0\json-path-2.9.0.jar;C:\Users\Andrea\.m2\repository\org\slf4j\slf4j-api\2.0.16\slf4j-api-2.0.16.jar;C:\Users\Andrea\.m2\repository\jakarta\xml\bind\jakarta.xml.bind-api\4.0.2\jakarta.xml.bind-api-4.0.2.jar;C:\Users\Andrea\.m2\repository\jakarta\activation\jakarta.activation-api\2.1.3\jakarta.activation-api-2.1.3.jar;C:\Users\Andrea\.m2\repository\net\minidev\json-smart\2.5.2\json-smart-2.5.2.jar;C:\Users\Andrea\.m2\repository\net\minidev\accessors-smart\2.5.2\accessors-smart-2.5.2.jar;C:\Users\Andrea\.m2\repository\org\ow2\asm\asm\9.7.1\asm-9.7.1.jar;C:\Users\Andrea\.m2\repository\org\assertj\assertj-core\3.26.3\assertj-core-3.26.3.jar;C:\Users\Andrea\.m2\repository\net\bytebuddy\byte-buddy\1.15.11\byte-buddy-1.15.11.jar;C:\Users\Andrea\.m2\repository\org\awaitility\awaitility\4.2.2\awaitility-4.2.2.jar;C:\Users\Andrea\.m2\repository\org\hamcrest\hamcrest\2.2\hamcrest-2.2.jar;C:\Users\Andrea\.m2\repository\org\junit\jupiter\junit-jupiter\5.11.4\junit-jupiter-5.11.4.jar;C:\Users\Andrea\.m2\repository\org\junit\jupiter\junit-jupiter-api\5.11.4\junit-jupiter-api-5.11.4.jar;C:\Users\Andrea\.m2\repository\org\opentest4j\opentest4j\1.3.0\opentest4j-1.3.0.jar;C:\Users\Andrea\.m2\repository\org\junit\platform\junit-platform-commons\1.11.4\junit-platform-commons-1.11.4.jar;C:\Users\Andrea\.m2\repository\org\apiguardian\apiguardian-api\1.1.2\apiguardian-api-1.1.2.jar;C:\Users\Andrea\.m2\repository\org\junit\jupiter\junit-jupiter-params\5.11.4\junit-jupiter-params-5.11.4.jar;C:\Users\Andrea\.m2\repository\org\junit\jupiter\junit-jupiter-engine\5.11.4\junit-jupiter-engine-5.11.4.jar;C:\Users\Andrea\.m2\repository\org\junit\platform\junit-platform-engine\1.11.4\junit-platform-engine-1.11.4.jar;C:\Users\Andrea\.m2\repository\org\mockito\mockito-core\5.14.2\mockito-core-5.14.2.jar;C:\Users\Andrea\.m2\repository\net\bytebuddy\byte-buddy-agent\1.15.11\byte-buddy-agent-1.15.11.jar;C:\Users\Andrea\.m2\repository\org\objenesis\objenesis\3.3\objenesis-3.3.jar;C:\Users\Andrea\.m2\repository\org\mockito\mockito-junit-jupiter\5.14.2\mockito-junit-jupiter-5.14.2.jar;C:\Users\Andrea\.m2\repository\org\skyscreamer\jsonassert\1.5.3\jsonassert-1.5.3.jar;C:\Users\Andrea\.m2\repository\com\vaadin\external\google\android-json\0.0.20131108.vaadin1\android-json-0.0.20131108.vaadin1.jar;C:\Users\Andrea\.m2\repository\org\springframework\spring-core\6.2.3\spring-core-6.2.3.jar;C:\Users\Andrea\.m2\repository\org\springframework\spring-jcl\6.2.3\spring-jcl-6.2.3.jar;C:\Users\Andrea\.m2\repository\org\springframework\spring-test\6.2.3\spring-test-6.2.3.jar;C:\Users\Andrea\.m2\repository\org\xmlunit\xmlunit-core\2.10.0\xmlunit-core-2.10.0.jar;C:\Users\Andrea\.m2\repository\org\springframework\boot\spring-boot-starter-jdbc\3.4.3\spring-boot-starter-jdbc-3.4.3.jar;C:\Users\Andrea\.m2\repository\com\zaxxer\HikariCP\5.1.0\HikariCP-5.1.0.jar;C:\Users\Andrea\.m2\repository\org\springframework\spring-jdbc\6.2.3\spring-jdbc-6.2.3.jar;C:\Users\Andrea\.m2\repository\org\springframework\spring-beans\6.2.3\spring-beans-6.2.3.jar;C:\Users\Andrea\.m2\repository\org\springframework\spring-tx\6.2.3\spring-tx-6.2.3.jar;C:\Users\Andrea\.m2\repository\org\testng\testng\6.2\testng-6.2.jar;C:\Users\Andrea\.m2\repository\junit\junit\4.13.2\junit-4.13.2.jar;C:\Users\Andrea\.m2\repository\org\hamcrest\hamcrest-core\2.2\hamcrest-core-2.2.jar;C:\Users\Andrea\.m2\repository\org\beanshell\bsh\2.0b4\bsh-2.0b4.jar;C:\Users\Andrea\.m2\repository\com\beust\jcommander\1.12\jcommander-1.12.jar;C:\Users\Andrea\.m2\repository\org\yaml\snakeyaml\2.3\snakeyaml-2.3.jar;C:\Users\Andrea\.m2\repository\org\postgresql\postgresql\42.7.5\postgresql-42.7.5.jar;C:\Users\Andrea\.m2\repository\org\checkerframework\checker-qual\3.48.3\checker-qual-3.48.3.jar;C:\Users\Andrea\.m2\repository\org\springdoc\springdoc-openapi-starter-webmvc-ui\2.8.5\springdoc-openapi-starter-webmvc-ui-2.8.5.jar;C:\Users\Andrea\.m2\repository\org\springdoc\springdoc-openapi-starter-webmvc-api\2.8.5\springdoc-openapi-starter-webmvc-api-2.8.5.jar;C:\Users\Andrea\.m2\repository\org\springdoc\springdoc-openapi-starter-common\2.8.5\springdoc-openapi-starter-common-2.8.5.jar;C:\Users\Andrea\.m2\repository\io\swagger\core\v3\swagger-core-jakarta\2.2.28\swagger-core-jakarta-2.2.28.jar;C:\Users\Andrea\.m2\repository\org\apache\commons\commons-lang3\3.17.0\commons-lang3-3.17.0.jar;C:\Users\Andrea\.m2\repository\io\swagger\core\v3\swagger-annotations-jakarta\2.2.28\swagger-annotations-jakarta-2.2.28.jar;C:\Users\Andrea\.m2\repository\io\swagger\core\v3\swagger-models-jakarta\2.2.28\swagger-models-jakarta-2.2.28.jar;C:\Users\Andrea\.m2\repository\com\fasterxml\jackson\dataformat\jackson-dataformat-yaml\2.18.2\jackson-dataformat-yaml-2.18.2.jar;C:\Users\Andrea\.m2\repository\org\webjars\swagger-ui\5.18.3\swagger-ui-5.18.3.jar;C:\Users\Andrea\.m2\repository\org\webjars\webjars-locator-lite\1.0.1\webjars-locator-lite-1.0.1.jar;C:\Users\Andrea\.m2\repository\org\jspecify\jspecify\1.0.0\jspecify-1.0.0.jar;C:\Users\Andrea\.m2\repository\org\springframework\boot\spring-boot-starter-validation\3.4.3\spring-boot-starter-validation-3.4.3.jar;C:\Users\Andrea\.m2\repository\org\apache\tomcat\embed\tomcat-embed-el\10.1.36\tomcat-embed-el-10.1.36.jar;C:\Users\Andrea\.m2\repository\org\hibernate\validator\hibernate-validator\8.0.2.Final\hibernate-validator-8.0.2.Final.jar;C:\Users\Andrea\.m2\repository\jakarta\validation\jakarta.validation-api\3.0.2\jakarta.validation-api-3.0.2.jar;C:\Users\Andrea\.m2\repository\org\jboss\logging\jboss-logging\3.6.1.Final\jboss-logging-3.6.1.Final.jar;C:\Users\Andrea\.m2\repository\com\fasterxml\classmate\1.7.0\classmate-1.7.0.jar;"/>
    <property name="sun.cpu.endian" value="little"/>
    <property name="user.home" value="C:\Users\Andrea"/>
    <property name="user.language" value="es"/>
    <property name="java.specification.vendor" value="Oracle Corporation"/>
    <property name="java.version.date" value="2024-07-16"/>
    <property name="java.home" value="C:\Program Files\Eclipse Adoptium\jdk-21.0.4.7-hotspot"/>
    <property name="file.separator" value="\"/>
    <property name="basedir" value="C:\Users\Andrea\XPN-P2\XPN_P2"/>
    <property name="java.vm.compressedOopsMode" value="Zero based"/>
    <property name="line.separator" value="&#10;"/>
    <property name="java.vm.specification.vendor" value="Oracle Corporation"/>
    <property name="java.specification.name" value="Java Platform API Specification"/>
    <property name="FILE_LOG_CHARSET" value="UTF-8"/>
    <property name="java.awt.headless" value="true"/>
    <property name="surefire.real.class.path" value="C:\Users\Andrea\AppData\Local\Temp\surefire8610411425577801023\surefirebooter-20250504175101456_3.jar"/>
    <property name="user.script" value=""/>
    <property name="sun.management.compiler" value="HotSpot 64-Bit Tiered Compilers"/>
    <property name="java.runtime.version" value="21.0.4+7-LTS"/>
    <property name="user.name" value="Andrea"/>
    <property name="stdout.encoding" value="Cp1252"/>
    <property name="path.separator" value=";"/>
    <property name="os.version" value="10.0"/>
    <property name="java.runtime.name" value="OpenJDK Runtime Environment"/>
    <property name="file.encoding" value="UTF-8"/>
    <property name="java.vm.name" value="OpenJDK 64-Bit Server VM"/>
    <property name="java.vendor.version" value="Temurin-21.0.4+7"/>
    <property name="LOG_FILE" value="logs/app.log"/>
    <property name="localRepository" value="C:\Users\Andrea\.m2\repository"/>
    <property name="java.vendor.url.bug" value="https://github.com/adoptium/adoptium-support/issues"/>
    <property name="java.io.tmpdir" value="C:\Users\Andrea\AppData\Local\Temp\"/>
    <property name="com.zaxxer.hikari.pool_number" value="1"/>
    <property name="java.version" value="21.0.4"/>
    <property name="user.dir" value="C:\Users\Andrea\XPN-P2\XPN_P2"/>
    <property name="os.arch" value="amd64"/>
    <property name="java.vm.specification.name" value="Java Virtual Machine Specification"/>
    <property name="PID" value="30700"/>
    <property name="sun.os.patch.level" value=""/>
    <property name="CONSOLE_LOG_CHARSET" value="UTF-8"/>
    <property name="native.encoding" value="Cp1252"/>
    <property name="java.library.path" value="C:\Program Files\Eclipse Adoptium\jdk-21.0.4.7-hotspot\bin;C:\WINDOWS\Sun\Java\bin;C:\WINDOWS\system32;C:\WINDOWS;C:\Program Files\Java\jdk-17;C:\Users\Andrea\AppData\Local\flutter\flutter\bin;C:\Program Files (x86)\VMware\VMware Workstation\bin\;C:\Program Files\Eclipse Adoptium\jdk-21.0.4.7-hotspot\bin;C:\Program Files\Java\jdk-17;C:\windows\system32;C:\windows;C:\windows\System32\Wbem;C:\windows\System32\WindowsPowerShell\v1.0\;C:\windows\System32\OpenSSH\;C:\Program Files (x86)\NVIDIA Corporation\PhysX\Common;C:\Program Files\NVIDIA Corporation\NVIDIA NvDLISR;C:\WINDOWS\system32;C:\Program Files\sqlite;C:\WINDOWS\System32\Wbem;C:\WINDOWS\System32\WindowsPowerShell\v1.0\;C:\WINDOWS\System32\OpenSSH\;C:\Program Files (x86)\Pulse Secure\VC142.CRT\X64\;C:\Program Files (x86)\Pulse Secure\VC142.CRT\X86\;C:\Program Files (x86)\Common Files\Pulse Secure\TNC Client Plugin\;C:\Program Files\PuTTY\;C:\Program Files\AutoFirma\AutoFirma;C:\software\mongo\bin;;C:\Program Files\Docker\Docker\resources\bin;C:\Users\Andrea\AppData\Local\Programs\Python\Python313\Scripts\;C:\Users\Andrea\AppData\Local\Programs\Python\Python313\;C:\Users\Andrea\AppData\Local\Programs\Python\Launcher\;C:\Users\Andrea\AppData\Local\Microsoft\WindowsApps;C:\Program Files\Eclipse Adoptium\jdk-21.0.4.7-hotspot\bin;C:\software\apache-maven-3.9.9\bin;C:\Program Files\MySQL\MySQL Server 8.4\bin;%CLion%;%IntelliJ IDEA%;C:\Program Files (x86)\Nmap;C:\Users\Andrea\AppData\Local\Programs\Git\cmd;C:\ProgramData\Andrea\GitHubDesktop\bin;C:\Users\Andrea\AppData\Local\GitHubDesktop\bin;C:\Users\Andrea\AppData\Local\Microsoft\WindowsApps;C:\Users\Andrea\AppData\Local\Programs\Microsoft VS Code\bin;C:\Users\Andrea\flutter\bin;."/>
    <property name="java.vm.info" value="mixed mode, sharing"/>
    <property name="stderr.encoding" value="Cp1252"/>
    <property name="java.vendor" value="Eclipse Adoptium"/>
    <property name="java.vm.version" value="21.0.4+7-LTS"/>
    <property name="sun.io.unicode.encoding" value="UnicodeLittle"/>
    <property name="java.class.version" value="65.0"/>
    <property name="LOGGED_APPLICATION_NAME" value="[app] "/>
  </properties>
  <testcase name="testFind_NonExistentAlmacen" classname="es.udc.fic.xpn.app.dao.TestAlmacenDAO" time="0.533">
    <system-out><![CDATA[2025-05-04T17:51:09.473+02:00 DEBUG 30700 --- [app] [           main] .b.t.c.SpringBootTestContextBootstrapper : Neither @ContextConfiguration nor @ContextHierarchy found for test class [TestAlmacenDAO]: using SpringBootContextLoader
2025-05-04T17:51:09.473+02:00 DEBUG 30700 --- [app] [           main] o.s.t.c.support.AbstractContextLoader    : Could not detect default resource locations for test class [es.udc.fic.xpn.app.dao.TestAlmacenDAO]: no resource found for suffixes {-context.xml, Context.groovy}.
2025-05-04T17:51:09.473+02:00  INFO 30700 --- [app] [           main] t.c.s.AnnotationConfigContextLoaderUtils : Could not detect default configuration classes for test class [es.udc.fic.xpn.app.dao.TestAlmacenDAO]: TestAlmacenDAO does not declare any static, non-private, non-final, nested classes annotated with @Configuration.
2025-05-04T17:51:09.475+02:00 DEBUG 30700 --- [app] [           main] .b.t.c.SpringBootTestContextBootstrapper : Using ContextCustomizerFactory implementations for test class [TestAlmacenDAO]: [ImportsContextCustomizerFactory, ExcludeFilterContextCustomizerFactory, HttpGraphQlTesterContextCustomizerFactory, DuplicateJsonObjectContextCustomizerFactory, MockitoContextCustomizerFactory, TestRestTemplateContextCustomizerFactory, WebTestClientContextCustomizerFactory, DisableReactorResourceFactoryGlobalResourcesContextCustomizerFactory, OnFailureConditionReportContextCustomizerFactory, OverrideAutoConfigurationContextCustomizerFactory, ObservabilityContextCustomizerFactory, TypeExcludeFiltersContextCustomizerFactory, PropertyMappingContextCustomizerFactory, WebDriverContextCustomizerFactory, BeanOverrideContextCustomizerFactory, MockServerContainerContextCustomizerFactory, DynamicPropertiesContextCustomizerFactory]
2025-05-04T17:51:09.478+02:00 DEBUG 30700 --- [app] [           main] .b.t.c.SpringBootTestContextBootstrapper : Using ContextCustomizers for test class [TestAlmacenDAO]: [ExcludeFilterContextCustomizer, DuplicateJsonObjectContextCustomizer, MockitoContextCustomizer, TestRestTemplateContextCustomizer, DisableReactorResourceFactoryGlobalResourcesContextCustomizerCustomizer, OnFailureConditionReportContextCustomizer, DisableObservabilityContextCustomizer, PropertyMappingContextCustomizer, WebDriverContextCustomizer, DynamicPropertiesContextCustomizer]
2025-05-04T17:51:09.502+02:00 DEBUG 30700 --- [app] [           main] ssPathScanningCandidateComponentProvider : Identified candidate component class: file [C:\Users\Andrea\XPN-P2\XPN_P2\target\classes\es\udc\fic\xpn\app\Application.class]
2025-05-04T17:51:09.502+02:00  INFO 30700 --- [app] [           main] .b.t.c.SpringBootTestContextBootstrapper : Found @SpringBootConfiguration es.udc.fic.xpn.app.Application for test class es.udc.fic.xpn.app.dao.TestAlmacenDAO
2025-05-04T17:51:09.510+02:00 DEBUG 30700 --- [app] [           main] .s.t.c.u.TestContextSpringFactoriesUtils : Skipping candidate TestExecutionListener [org.springframework.test.context.observation.MicrometerObservationRegistryTestExecutionListener] due to a missing dependency. Specify custom TestExecutionListener classes or make the default TestExecutionListener classes and their required dependencies available. Offending class: io.micrometer.context.ThreadLocalAccessor. MicrometerObservationRegistryTestExecutionListener requires io.micrometer:micrometer-observation:1.10.8 or higher and io.micrometer:context-propagation:1.0.3 or higher.
2025-05-04T17:51:09.512+02:00 DEBUG 30700 --- [app] [           main] .b.t.c.SpringBootTestContextBootstrapper : Using TestExecutionListeners for test class [TestAlmacenDAO]: [ServletTestExecutionListener, DirtiesContextBeforeModesTestExecutionListener, ApplicationEventsTestExecutionListener, MockitoTestExecutionListener, BeanOverrideTestExecutionListener, DependencyInjectionTestExecutionListener, DirtiesContextTestExecutionListener, CommonCachesTestExecutionListener, TransactionalTestExecutionListener, SqlScriptsTestExecutionListener, EventPublishingTestExecutionListener, ResetMocksTestExecutionListener, RestDocsTestExecutionListener, MockRestServiceServerResetTestExecutionListener, MockMvcPrintOnlyOnFailureTestExecutionListener, WebDriverTestExecutionListener, MockWebServiceServerTestExecutionListener, MockitoResetTestExecutionListener]
2025-05-04T17:51:09.512+02:00 DEBUG 30700 --- [app] [           main] sContextBeforeModesTestExecutionListener : Before test class: class [TestAlmacenDAO], class annotated with @DirtiesContext [false] with mode [null]
2025-05-04T17:51:09.512+02:00 DEBUG 30700 --- [app] [           main] org.springframework.test.context.cache   : Spring test ApplicationContext cache statistics: [DefaultContextCache@798cf6d2 size = 1, maxSize = 32, parentContextCount = 0, hitCount = 16, missCount = 1, failureCount = 0]
2025-05-04T17:51:09.512+02:00 DEBUG 30700 --- [app] [           main] org.springframework.test.context.cache   : Spring test ApplicationContext cache statistics: [DefaultContextCache@798cf6d2 size = 1, maxSize = 32, parentContextCount = 0, hitCount = 17, missCount = 1, failureCount = 0]
2025-05-04T17:51:09.512+02:00 DEBUG 30700 --- [app] [           main] o.s.t.c.w.ServletTestExecutionListener   : Setting up MockHttpServletRequest, MockHttpServletResponse, ServletWebRequest, and RequestContextHolder for test class es.udc.fic.xpn.app.dao.TestAlmacenDAO
2025-05-04T17:51:09.512+02:00 DEBUG 30700 --- [app] [           main] DependencyInjectionTestExecutionListener : Performing dependency injection for test class es.udc.fic.xpn.app.dao.TestAlmacenDAO
2025-05-04T17:51:09.512+02:00 DEBUG 30700 --- [app] [           main] org.springframework.test.context.cache   : Spring test ApplicationContext cache statistics: [DefaultContextCache@798cf6d2 size = 1, maxSize = 32, parentContextCount = 0, hitCount = 18, missCount = 1, failureCount = 0]
2025-05-04T17:51:09.518+02:00 DEBUG 30700 --- [app] [           main] org.springframework.test.context.cache   : Spring test ApplicationContext cache statistics: [DefaultContextCache@798cf6d2 size = 1, maxSize = 32, parentContextCount = 0, hitCount = 19, missCount = 1, failureCount = 0]
2025-05-04T17:51:09.518+02:00 DEBUG 30700 --- [app] [           main] sContextBeforeModesTestExecutionListener : Before test method: class [TestAlmacenDAO], method [testFind_NonExistentAlmacen], class annotated with @DirtiesContext [false] with mode [null], method annotated with @DirtiesContext [false] with mode [null]
2025-05-04T17:51:09.518+02:00 DEBUG 30700 --- [app] [           main] org.springframework.test.context.cache   : Spring test ApplicationContext cache statistics: [DefaultContextCache@798cf6d2 size = 1, maxSize = 32, parentContextCount = 0, hitCount = 20, missCount = 1, failureCount = 0]
2025-05-04T17:51:09.518+02:00 DEBUG 30700 --- [app] [           main] org.springframework.test.context.cache   : Spring test ApplicationContext cache statistics: [DefaultContextCache@798cf6d2 size = 1, maxSize = 32, parentContextCount = 0, hitCount = 21, missCount = 1, failureCount = 0]
2025-05-04T17:51:09.518+02:00 DEBUG 30700 --- [app] [           main] org.springframework.test.context.cache   : Spring test ApplicationContext cache statistics: [DefaultContextCache@798cf6d2 size = 1, maxSize = 32, parentContextCount = 0, hitCount = 22, missCount = 1, failureCount = 0]
2025-05-04T17:51:09.518+02:00 DEBUG 30700 --- [app] [           main] org.springframework.test.context.cache   : Spring test ApplicationContext cache statistics: [DefaultContextCache@798cf6d2 size = 1, maxSize = 32, parentContextCount = 0, hitCount = 23, missCount = 1, failureCount = 0]
2025-05-04T17:51:09.533+02:00 DEBUG 30700 --- [app] [           main] o.s.jdbc.core.JdbcTemplate               : Executing prepared SQL query
2025-05-04T17:51:09.533+02:00 DEBUG 30700 --- [app] [           main] o.s.jdbc.core.JdbcTemplate               : Executing prepared SQL statement [SELECT id, nombre FROM almacen WHERE nombre = ?]
2025-05-04T17:51:09.537+02:00 DEBUG 30700 --- [app] [           main] o.s.jdbc.datasource.DataSourceUtils      : Fetching JDBC Connection from DataSource
2025-05-04T17:51:09.537+02:00 DEBUG 30700 --- [app] [           main] com.zaxxer.hikari.HikariConfig           : HikariPool-1 - configuration:
2025-05-04T17:51:09.545+02:00 DEBUG 30700 --- [app] [           main] com.zaxxer.hikari.HikariConfig           : allowPoolSuspension.............false
2025-05-04T17:51:09.548+02:00 DEBUG 30700 --- [app] [           main] com.zaxxer.hikari.HikariConfig           : autoCommit......................true
2025-05-04T17:51:09.548+02:00 DEBUG 30700 --- [app] [           main] com.zaxxer.hikari.HikariConfig           : catalog.........................none
2025-05-04T17:51:09.548+02:00 DEBUG 30700 --- [app] [           main] com.zaxxer.hikari.HikariConfig           : connectionInitSql...............none
2025-05-04T17:51:09.548+02:00 DEBUG 30700 --- [app] [           main] com.zaxxer.hikari.HikariConfig           : connectionTestQuery.............none
2025-05-04T17:51:09.548+02:00 DEBUG 30700 --- [app] [           main] com.zaxxer.hikari.HikariConfig           : connectionTimeout...............30000
2025-05-04T17:51:09.551+02:00 DEBUG 30700 --- [app] [           main] com.zaxxer.hikari.HikariConfig           : dataSource......................none
2025-05-04T17:51:09.551+02:00 DEBUG 30700 --- [app] [           main] com.zaxxer.hikari.HikariConfig           : dataSourceClassName.............none
2025-05-04T17:51:09.551+02:00 DEBUG 30700 --- [app] [           main] com.zaxxer.hikari.HikariConfig           : dataSourceJNDI..................none
2025-05-04T17:51:09.551+02:00 DEBUG 30700 --- [app] [           main] com.zaxxer.hikari.HikariConfig           : dataSourceProperties............{password=<masked>}
2025-05-04T17:51:09.551+02:00 DEBUG 30700 --- [app] [           main] com.zaxxer.hikari.HikariConfig           : driverClassName................."org.postgresql.Driver"
2025-05-04T17:51:09.551+02:00 DEBUG 30700 --- [app] [           main] com.zaxxer.hikari.HikariConfig           : exceptionOverrideClassName......none
2025-05-04T17:51:09.551+02:00 DEBUG 30700 --- [app] [           main] com.zaxxer.hikari.HikariConfig           : healthCheckProperties...........{}
2025-05-04T17:51:09.551+02:00 DEBUG 30700 --- [app] [           main] com.zaxxer.hikari.HikariConfig           : healthCheckRegistry.............none
2025-05-04T17:51:09.551+02:00 DEBUG 30700 --- [app] [           main] com.zaxxer.hikari.HikariConfig           : idleTimeout.....................600000
2025-05-04T17:51:09.551+02:00 DEBUG 30700 --- [app] [           main] com.zaxxer.hikari.HikariConfig           : initializationFailTimeout.......1
2025-05-04T17:51:09.551+02:00 DEBUG 30700 --- [app] [           main] com.zaxxer.hikari.HikariConfig           : isolateInternalQueries..........false
2025-05-04T17:51:09.551+02:00 DEBUG 30700 --- [app] [           main] com.zaxxer.hikari.HikariConfig           : jdbcUrl.........................jdbc:postgresql://localhost:5432/xpn
2025-05-04T17:51:09.551+02:00 DEBUG 30700 --- [app] [           main] com.zaxxer.hikari.HikariConfig           : keepaliveTime...................0
2025-05-04T17:51:09.551+02:00 DEBUG 30700 --- [app] [           main] com.zaxxer.hikari.HikariConfig           : leakDetectionThreshold..........0
2025-05-04T17:51:09.551+02:00 DEBUG 30700 --- [app] [           main] com.zaxxer.hikari.HikariConfig           : maxLifetime.....................1800000
2025-05-04T17:51:09.551+02:00 DEBUG 30700 --- [app] [           main] com.zaxxer.hikari.HikariConfig           : maximumPoolSize.................10
2025-05-04T17:51:09.551+02:00 DEBUG 30700 --- [app] [           main] com.zaxxer.hikari.HikariConfig           : metricRegistry..................none
2025-05-04T17:51:09.551+02:00 DEBUG 30700 --- [app] [           main] com.zaxxer.hikari.HikariConfig           : metricsTrackerFactory...........none
2025-05-04T17:51:09.551+02:00 DEBUG 30700 --- [app] [           main] com.zaxxer.hikari.HikariConfig           : minimumIdle.....................10
2025-05-04T17:51:09.551+02:00 DEBUG 30700 --- [app] [           main] com.zaxxer.hikari.HikariConfig           : password........................<masked>
2025-05-04T17:51:09.551+02:00 DEBUG 30700 --- [app] [           main] com.zaxxer.hikari.HikariConfig           : poolName........................"HikariPool-1"
2025-05-04T17:51:09.551+02:00 DEBUG 30700 --- [app] [           main] com.zaxxer.hikari.HikariConfig           : readOnly........................false
2025-05-04T17:51:09.551+02:00 DEBUG 30700 --- [app] [           main] com.zaxxer.hikari.HikariConfig           : registerMbeans..................false
2025-05-04T17:51:09.551+02:00 DEBUG 30700 --- [app] [           main] com.zaxxer.hikari.HikariConfig           : scheduledExecutor...............none
2025-05-04T17:51:09.551+02:00 DEBUG 30700 --- [app] [           main] com.zaxxer.hikari.HikariConfig           : schema..........................none
2025-05-04T17:51:09.551+02:00 DEBUG 30700 --- [app] [           main] com.zaxxer.hikari.HikariConfig           : threadFactory...................internal
2025-05-04T17:51:09.551+02:00 DEBUG 30700 --- [app] [           main] com.zaxxer.hikari.HikariConfig           : transactionIsolation............default
2025-05-04T17:51:09.551+02:00 DEBUG 30700 --- [app] [           main] com.zaxxer.hikari.HikariConfig           : username........................"xpn"
2025-05-04T17:51:09.551+02:00 DEBUG 30700 --- [app] [           main] com.zaxxer.hikari.HikariConfig           : validationTimeout...............5000
2025-05-04T17:51:09.551+02:00  INFO 30700 --- [app] [           main] com.zaxxer.hikari.HikariDataSource       : HikariPool-1 - Starting...
2025-05-04T17:51:09.591+02:00 DEBUG 30700 --- [app] [           main] org.postgresql.Driver                    : Loading driver configuration via classloader jdk.internal.loader.ClassLoaders$AppClassLoader@70dea4e
2025-05-04T17:51:09.593+02:00 DEBUG 30700 --- [app] [           main] org.postgresql.Driver                    : Connecting with URL: jdbc:postgresql://localhost:5432/xpn
2025-05-04T17:51:09.604+02:00 DEBUG 30700 --- [app] [           main] org.postgresql.jdbc.PgConnection         : PostgreSQL JDBC Driver 42.7.5
2025-05-04T17:51:09.604+02:00 DEBUG 30700 --- [app] [           main] org.postgresql.jdbc.PgConnection         :   setDefaultFetchSize = 0
2025-05-04T17:51:09.604+02:00 DEBUG 30700 --- [app] [           main] org.postgresql.jdbc.PgConnection         :   setPrepareThreshold = 5
2025-05-04T17:51:09.621+02:00 DEBUG 30700 --- [app] [           main] o.p.core.v3.ConnectionFactoryImpl        : Trying to establish a protocol version 3 connection to localhost:5432
2025-05-04T17:51:09.656+02:00 DEBUG 30700 --- [app] [           main] o.p.core.v3.ConnectionFactoryImpl        : Receive Buffer Size is 65.536
2025-05-04T17:51:09.656+02:00 DEBUG 30700 --- [app] [           main] o.p.core.v3.ConnectionFactoryImpl        : Send Buffer Size is 65.536
2025-05-04T17:51:10.020+02:00  INFO 30700 --- [app] [           main] com.zaxxer.hikari.pool.HikariPool        : HikariPool-1 - Added connection org.postgresql.jdbc.PgConnection@2419fe6f
2025-05-04T17:51:10.020+02:00  INFO 30700 --- [app] [           main] com.zaxxer.hikari.HikariDataSource       : HikariPool-1 - Start completed.
2025-05-04T17:51:10.045+02:00 DEBUG 30700 --- [app] [           main] org.springframework.test.context.cache   : Spring test ApplicationContext cache statistics: [DefaultContextCache@798cf6d2 size = 1, maxSize = 32, parentContextCount = 0, hitCount = 24, missCount = 1, failureCount = 0]
2025-05-04T17:51:10.047+02:00 DEBUG 30700 --- [app] [           main] org.springframework.test.context.cache   : Spring test ApplicationContext cache statistics: [DefaultContextCache@798cf6d2 size = 1, maxSize = 32, parentContextCount = 0, hitCount = 25, missCount = 1, failureCount = 0]
2025-05-04T17:51:10.047+02:00 DEBUG 30700 --- [app] [           main] org.springframework.test.context.cache   : Spring test ApplicationContext cache statistics: [DefaultContextCache@798cf6d2 size = 1, maxSize = 32, parentContextCount = 0, hitCount = 26, missCount = 1, failureCount = 0]
2025-05-04T17:51:10.047+02:00 DEBUG 30700 --- [app] [           main] org.springframework.test.context.cache   : Spring test ApplicationContext cache statistics: [DefaultContextCache@798cf6d2 size = 1, maxSize = 32, parentContextCount = 0, hitCount = 27, missCount = 1, failureCount = 0]
2025-05-04T17:51:10.047+02:00 DEBUG 30700 --- [app] [           main] org.springframework.test.context.cache   : Spring test ApplicationContext cache statistics: [DefaultContextCache@798cf6d2 size = 1, maxSize = 32, parentContextCount = 0, hitCount = 28, missCount = 1, failureCount = 0]
2025-05-04T17:51:10.047+02:00 DEBUG 30700 --- [app] [           main] org.springframework.test.context.cache   : Spring test ApplicationContext cache statistics: [DefaultContextCache@798cf6d2 size = 1, maxSize = 32, parentContextCount = 0, hitCount = 29, missCount = 1, failureCount = 0]
2025-05-04T17:51:10.049+02:00 DEBUG 30700 --- [app] [           main] org.springframework.test.context.cache   : Spring test ApplicationContext cache statistics: [DefaultContextCache@798cf6d2 size = 1, maxSize = 32, parentContextCount = 0, hitCount = 30, missCount = 1, failureCount = 0]
2025-05-04T17:51:10.049+02:00 DEBUG 30700 --- [app] [           main] .c.s.DirtiesContextTestExecutionListener : After test method: class [TestAlmacenDAO], method [testFind_NonExistentAlmacen], class annotated with @DirtiesContext [false] with mode [null], method annotated with @DirtiesContext [false] with mode [null]
2025-05-04T17:51:10.049+02:00 DEBUG 30700 --- [app] [           main] o.s.t.c.w.ServletTestExecutionListener   : Resetting RequestContextHolder for test class es.udc.fic.xpn.app.dao.TestAlmacenDAO
]]></system-out>
  </testcase>
  <testcase name="testFindById_NonExistentAlmacen" classname="es.udc.fic.xpn.app.dao.TestAlmacenDAO" time="0.009">
    <system-out><![CDATA[2025-05-04T17:51:10.051+02:00 DEBUG 30700 --- [app] [           main] org.springframework.test.context.cache   : Spring test ApplicationContext cache statistics: [DefaultContextCache@798cf6d2 size = 1, maxSize = 32, parentContextCount = 0, hitCount = 31, missCount = 1, failureCount = 0]
2025-05-04T17:51:10.051+02:00 DEBUG 30700 --- [app] [           main] o.s.t.c.w.ServletTestExecutionListener   : Setting up MockHttpServletRequest, MockHttpServletResponse, ServletWebRequest, and RequestContextHolder for test class es.udc.fic.xpn.app.dao.TestAlmacenDAO
2025-05-04T17:51:10.051+02:00 DEBUG 30700 --- [app] [           main] DependencyInjectionTestExecutionListener : Performing dependency injection for test class es.udc.fic.xpn.app.dao.TestAlmacenDAO
2025-05-04T17:51:10.051+02:00 DEBUG 30700 --- [app] [           main] org.springframework.test.context.cache   : Spring test ApplicationContext cache statistics: [DefaultContextCache@798cf6d2 size = 1, maxSize = 32, parentContextCount = 0, hitCount = 32, missCount = 1, failureCount = 0]
2025-05-04T17:51:10.053+02:00 DEBUG 30700 --- [app] [           main] org.springframework.test.context.cache   : Spring test ApplicationContext cache statistics: [DefaultContextCache@798cf6d2 size = 1, maxSize = 32, parentContextCount = 0, hitCount = 33, missCount = 1, failureCount = 0]
2025-05-04T17:51:10.054+02:00 DEBUG 30700 --- [app] [           main] sContextBeforeModesTestExecutionListener : Before test method: class [TestAlmacenDAO], method [testFindById_NonExistentAlmacen], class annotated with @DirtiesContext [false] with mode [null], method annotated with @DirtiesContext [false] with mode [null]
2025-05-04T17:51:10.054+02:00 DEBUG 30700 --- [app] [           main] org.springframework.test.context.cache   : Spring test ApplicationContext cache statistics: [DefaultContextCache@798cf6d2 size = 1, maxSize = 32, parentContextCount = 0, hitCount = 34, missCount = 1, failureCount = 0]
2025-05-04T17:51:10.054+02:00 DEBUG 30700 --- [app] [           main] org.springframework.test.context.cache   : Spring test ApplicationContext cache statistics: [DefaultContextCache@798cf6d2 size = 1, maxSize = 32, parentContextCount = 0, hitCount = 35, missCount = 1, failureCount = 0]
2025-05-04T17:51:10.056+02:00 DEBUG 30700 --- [app] [           main] org.springframework.test.context.cache   : Spring test ApplicationContext cache statistics: [DefaultContextCache@798cf6d2 size = 1, maxSize = 32, parentContextCount = 0, hitCount = 36, missCount = 1, failureCount = 0]
2025-05-04T17:51:10.058+02:00 DEBUG 30700 --- [app] [           main] org.springframework.test.context.cache   : Spring test ApplicationContext cache statistics: [DefaultContextCache@798cf6d2 size = 1, maxSize = 32, parentContextCount = 0, hitCount = 37, missCount = 1, failureCount = 0]
2025-05-04T17:51:10.058+02:00 DEBUG 30700 --- [app] [           main] o.s.jdbc.core.JdbcTemplate               : Executing prepared SQL query
2025-05-04T17:51:10.058+02:00 DEBUG 30700 --- [app] [           main] o.s.jdbc.core.JdbcTemplate               : Executing prepared SQL statement [SELECT id, nombre FROM almacen WHERE id = ?]
2025-05-04T17:51:10.058+02:00 DEBUG 30700 --- [app] [           main] o.s.jdbc.datasource.DataSourceUtils      : Fetching JDBC Connection from DataSource
2025-05-04T17:51:10.060+02:00 DEBUG 30700 --- [app] [           main] org.springframework.test.context.cache   : Spring test ApplicationContext cache statistics: [DefaultContextCache@798cf6d2 size = 1, maxSize = 32, parentContextCount = 0, hitCount = 38, missCount = 1, failureCount = 0]
2025-05-04T17:51:10.060+02:00 DEBUG 30700 --- [app] [           main] org.springframework.test.context.cache   : Spring test ApplicationContext cache statistics: [DefaultContextCache@798cf6d2 size = 1, maxSize = 32, parentContextCount = 0, hitCount = 39, missCount = 1, failureCount = 0]
2025-05-04T17:51:10.061+02:00 DEBUG 30700 --- [app] [           main] org.springframework.test.context.cache   : Spring test ApplicationContext cache statistics: [DefaultContextCache@798cf6d2 size = 1, maxSize = 32, parentContextCount = 0, hitCount = 40, missCount = 1, failureCount = 0]
2025-05-04T17:51:10.061+02:00 DEBUG 30700 --- [app] [           main] org.springframework.test.context.cache   : Spring test ApplicationContext cache statistics: [DefaultContextCache@798cf6d2 size = 1, maxSize = 32, parentContextCount = 0, hitCount = 41, missCount = 1, failureCount = 0]
2025-05-04T17:51:10.062+02:00 DEBUG 30700 --- [app] [           main] org.springframework.test.context.cache   : Spring test ApplicationContext cache statistics: [DefaultContextCache@798cf6d2 size = 1, maxSize = 32, parentContextCount = 0, hitCount = 42, missCount = 1, failureCount = 0]
2025-05-04T17:51:10.062+02:00 DEBUG 30700 --- [app] [           main] org.springframework.test.context.cache   : Spring test ApplicationContext cache statistics: [DefaultContextCache@798cf6d2 size = 1, maxSize = 32, parentContextCount = 0, hitCount = 43, missCount = 1, failureCount = 0]
2025-05-04T17:51:10.062+02:00 DEBUG 30700 --- [app] [           main] org.springframework.test.context.cache   : Spring test ApplicationContext cache statistics: [DefaultContextCache@798cf6d2 size = 1, maxSize = 32, parentContextCount = 0, hitCount = 44, missCount = 1, failureCount = 0]
2025-05-04T17:51:10.062+02:00 DEBUG 30700 --- [app] [           main] .c.s.DirtiesContextTestExecutionListener : After test method: class [TestAlmacenDAO], method [testFindById_NonExistentAlmacen], class annotated with @DirtiesContext [false] with mode [null], method annotated with @DirtiesContext [false] with mode [null]
2025-05-04T17:51:10.062+02:00 DEBUG 30700 --- [app] [           main] o.s.t.c.w.ServletTestExecutionListener   : Resetting RequestContextHolder for test class es.udc.fic.xpn.app.dao.TestAlmacenDAO
]]></system-out>
  </testcase>
  <testcase name="testDelete" classname="es.udc.fic.xpn.app.dao.TestAlmacenDAO" time="0.03">
    <system-out><![CDATA[2025-05-04T17:51:10.062+02:00 DEBUG 30700 --- [app] [           main] org.springframework.test.context.cache   : Spring test ApplicationContext cache statistics: [DefaultContextCache@798cf6d2 size = 1, maxSize = 32, parentContextCount = 0, hitCount = 45, missCount = 1, failureCount = 0]
2025-05-04T17:51:10.064+02:00 DEBUG 30700 --- [app] [           main] o.s.t.c.w.ServletTestExecutionListener   : Setting up MockHttpServletRequest, MockHttpServletResponse, ServletWebRequest, and RequestContextHolder for test class es.udc.fic.xpn.app.dao.TestAlmacenDAO
2025-05-04T17:51:10.064+02:00 DEBUG 30700 --- [app] [           main] DependencyInjectionTestExecutionListener : Performing dependency injection for test class es.udc.fic.xpn.app.dao.TestAlmacenDAO
2025-05-04T17:51:10.064+02:00 DEBUG 30700 --- [app] [           main] org.springframework.test.context.cache   : Spring test ApplicationContext cache statistics: [DefaultContextCache@798cf6d2 size = 1, maxSize = 32, parentContextCount = 0, hitCount = 46, missCount = 1, failureCount = 0]
2025-05-04T17:51:10.064+02:00 DEBUG 30700 --- [app] [           main] org.springframework.test.context.cache   : Spring test ApplicationContext cache statistics: [DefaultContextCache@798cf6d2 size = 1, maxSize = 32, parentContextCount = 0, hitCount = 47, missCount = 1, failureCount = 0]
2025-05-04T17:51:10.064+02:00 DEBUG 30700 --- [app] [           main] sContextBeforeModesTestExecutionListener : Before test method: class [TestAlmacenDAO], method [testDelete], class annotated with @DirtiesContext [false] with mode [null], method annotated with @DirtiesContext [false] with mode [null]
2025-05-04T17:51:10.066+02:00 DEBUG 30700 --- [app] [           main] org.springframework.test.context.cache   : Spring test ApplicationContext cache statistics: [DefaultContextCache@798cf6d2 size = 1, maxSize = 32, parentContextCount = 0, hitCount = 48, missCount = 1, failureCount = 0]
2025-05-04T17:51:10.066+02:00 DEBUG 30700 --- [app] [           main] org.springframework.test.context.cache   : Spring test ApplicationContext cache statistics: [DefaultContextCache@798cf6d2 size = 1, maxSize = 32, parentContextCount = 0, hitCount = 49, missCount = 1, failureCount = 0]
2025-05-04T17:51:10.066+02:00 DEBUG 30700 --- [app] [           main] org.springframework.test.context.cache   : Spring test ApplicationContext cache statistics: [DefaultContextCache@798cf6d2 size = 1, maxSize = 32, parentContextCount = 0, hitCount = 50, missCount = 1, failureCount = 0]
2025-05-04T17:51:10.066+02:00 DEBUG 30700 --- [app] [           main] org.springframework.test.context.cache   : Spring test ApplicationContext cache statistics: [DefaultContextCache@798cf6d2 size = 1, maxSize = 32, parentContextCount = 0, hitCount = 51, missCount = 1, failureCount = 0]
2025-05-04T17:51:10.072+02:00 DEBUG 30700 --- [app] [           main] o.s.jdbc.core.JdbcTemplate               : Executing SQL update and returning generated keys
2025-05-04T17:51:10.072+02:00 DEBUG 30700 --- [app] [           main] o.s.jdbc.core.JdbcTemplate               : Executing prepared SQL statement [INSERT INTO almacen (nombre) VALUES (?)]
2025-05-04T17:51:10.072+02:00 DEBUG 30700 --- [app] [           main] o.s.jdbc.datasource.DataSourceUtils      : Fetching JDBC Connection from DataSource
2025-05-04T17:51:10.090+02:00 DEBUG 30700 --- [app] [           main] o.s.jdbc.core.JdbcTemplate               : Executing prepared SQL update
2025-05-04T17:51:10.090+02:00 DEBUG 30700 --- [app] [           main] o.s.jdbc.core.JdbcTemplate               : Executing prepared SQL statement [DELETE FROM almacen WHERE id = ?]
2025-05-04T17:51:10.090+02:00 DEBUG 30700 --- [app] [           main] o.s.jdbc.datasource.DataSourceUtils      : Fetching JDBC Connection from DataSource
2025-05-04T17:51:10.094+02:00 DEBUG 30700 --- [app] [           main] o.s.jdbc.core.JdbcTemplate               : Executing prepared SQL query
2025-05-04T17:51:10.094+02:00 DEBUG 30700 --- [app] [           main] o.s.jdbc.core.JdbcTemplate               : Executing prepared SQL statement [SELECT id, nombre FROM almacen WHERE id = ?]
2025-05-04T17:51:10.094+02:00 DEBUG 30700 --- [app] [           main] o.s.jdbc.datasource.DataSourceUtils      : Fetching JDBC Connection from DataSource
2025-05-04T17:51:10.094+02:00 DEBUG 30700 --- [app] [           main] org.springframework.test.context.cache   : Spring test ApplicationContext cache statistics: [DefaultContextCache@798cf6d2 size = 1, maxSize = 32, parentContextCount = 0, hitCount = 52, missCount = 1, failureCount = 0]
2025-05-04T17:51:10.094+02:00 DEBUG 30700 --- [app] [           main] org.springframework.test.context.cache   : Spring test ApplicationContext cache statistics: [DefaultContextCache@798cf6d2 size = 1, maxSize = 32, parentContextCount = 0, hitCount = 53, missCount = 1, failureCount = 0]
2025-05-04T17:51:10.094+02:00 DEBUG 30700 --- [app] [           main] org.springframework.test.context.cache   : Spring test ApplicationContext cache statistics: [DefaultContextCache@798cf6d2 size = 1, maxSize = 32, parentContextCount = 0, hitCount = 54, missCount = 1, failureCount = 0]
2025-05-04T17:51:10.094+02:00 DEBUG 30700 --- [app] [           main] org.springframework.test.context.cache   : Spring test ApplicationContext cache statistics: [DefaultContextCache@798cf6d2 size = 1, maxSize = 32, parentContextCount = 0, hitCount = 55, missCount = 1, failureCount = 0]
2025-05-04T17:51:10.094+02:00 DEBUG 30700 --- [app] [           main] org.springframework.test.context.cache   : Spring test ApplicationContext cache statistics: [DefaultContextCache@798cf6d2 size = 1, maxSize = 32, parentContextCount = 0, hitCount = 56, missCount = 1, failureCount = 0]
2025-05-04T17:51:10.094+02:00 DEBUG 30700 --- [app] [           main] org.springframework.test.context.cache   : Spring test ApplicationContext cache statistics: [DefaultContextCache@798cf6d2 size = 1, maxSize = 32, parentContextCount = 0, hitCount = 57, missCount = 1, failureCount = 0]
2025-05-04T17:51:10.094+02:00 DEBUG 30700 --- [app] [           main] org.springframework.test.context.cache   : Spring test ApplicationContext cache statistics: [DefaultContextCache@798cf6d2 size = 1, maxSize = 32, parentContextCount = 0, hitCount = 58, missCount = 1, failureCount = 0]
2025-05-04T17:51:10.094+02:00 DEBUG 30700 --- [app] [           main] .c.s.DirtiesContextTestExecutionListener : After test method: class [TestAlmacenDAO], method [testDelete], class annotated with @DirtiesContext [false] with mode [null], method annotated with @DirtiesContext [false] with mode [null]
2025-05-04T17:51:10.094+02:00 DEBUG 30700 --- [app] [           main] o.s.t.c.w.ServletTestExecutionListener   : Resetting RequestContextHolder for test class es.udc.fic.xpn.app.dao.TestAlmacenDAO
]]></system-out>
  </testcase>
  <testcase name="testSave_And_FindById" classname="es.udc.fic.xpn.app.dao.TestAlmacenDAO" time="0.028">
    <system-out><![CDATA[2025-05-04T17:51:10.094+02:00 DEBUG 30700 --- [app] [           main] org.springframework.test.context.cache   : Spring test ApplicationContext cache statistics: [DefaultContextCache@798cf6d2 size = 1, maxSize = 32, parentContextCount = 0, hitCount = 59, missCount = 1, failureCount = 0]
2025-05-04T17:51:10.094+02:00 DEBUG 30700 --- [app] [           main] o.s.t.c.w.ServletTestExecutionListener   : Setting up MockHttpServletRequest, MockHttpServletResponse, ServletWebRequest, and RequestContextHolder for test class es.udc.fic.xpn.app.dao.TestAlmacenDAO
2025-05-04T17:51:10.094+02:00 DEBUG 30700 --- [app] [           main] DependencyInjectionTestExecutionListener : Performing dependency injection for test class es.udc.fic.xpn.app.dao.TestAlmacenDAO
2025-05-04T17:51:10.094+02:00 DEBUG 30700 --- [app] [           main] org.springframework.test.context.cache   : Spring test ApplicationContext cache statistics: [DefaultContextCache@798cf6d2 size = 1, maxSize = 32, parentContextCount = 0, hitCount = 60, missCount = 1, failureCount = 0]
2025-05-04T17:51:10.094+02:00 DEBUG 30700 --- [app] [           main] org.springframework.test.context.cache   : Spring test ApplicationContext cache statistics: [DefaultContextCache@798cf6d2 size = 1, maxSize = 32, parentContextCount = 0, hitCount = 61, missCount = 1, failureCount = 0]
2025-05-04T17:51:10.101+02:00 DEBUG 30700 --- [app] [           main] sContextBeforeModesTestExecutionListener : Before test method: class [TestAlmacenDAO], method [testSave_And_FindById], class annotated with @DirtiesContext [false] with mode [null], method annotated with @DirtiesContext [false] with mode [null]
2025-05-04T17:51:10.102+02:00 DEBUG 30700 --- [app] [           main] org.springframework.test.context.cache   : Spring test ApplicationContext cache statistics: [DefaultContextCache@798cf6d2 size = 1, maxSize = 32, parentContextCount = 0, hitCount = 62, missCount = 1, failureCount = 0]
2025-05-04T17:51:10.102+02:00 DEBUG 30700 --- [app] [           main] org.springframework.test.context.cache   : Spring test ApplicationContext cache statistics: [DefaultContextCache@798cf6d2 size = 1, maxSize = 32, parentContextCount = 0, hitCount = 63, missCount = 1, failureCount = 0]
2025-05-04T17:51:10.102+02:00 DEBUG 30700 --- [app] [           main] org.springframework.test.context.cache   : Spring test ApplicationContext cache statistics: [DefaultContextCache@798cf6d2 size = 1, maxSize = 32, parentContextCount = 0, hitCount = 64, missCount = 1, failureCount = 0]
2025-05-04T17:51:10.102+02:00 DEBUG 30700 --- [app] [           main] org.springframework.test.context.cache   : Spring test ApplicationContext cache statistics: [DefaultContextCache@798cf6d2 size = 1, maxSize = 32, parentContextCount = 0, hitCount = 65, missCount = 1, failureCount = 0]
2025-05-04T17:51:10.102+02:00 DEBUG 30700 --- [app] [           main] o.s.jdbc.core.JdbcTemplate               : Executing SQL update and returning generated keys
2025-05-04T17:51:10.102+02:00 DEBUG 30700 --- [app] [           main] o.s.jdbc.core.JdbcTemplate               : Executing prepared SQL statement [INSERT INTO almacen (nombre) VALUES (?)]
2025-05-04T17:51:10.102+02:00 DEBUG 30700 --- [app] [           main] o.s.jdbc.datasource.DataSourceUtils      : Fetching JDBC Connection from DataSource
2025-05-04T17:51:10.102+02:00 DEBUG 30700 --- [app] [           main] o.s.jdbc.core.JdbcTemplate               : Executing prepared SQL query
2025-05-04T17:51:10.110+02:00 DEBUG 30700 --- [app] [           main] o.s.jdbc.core.JdbcTemplate               : Executing prepared SQL statement [SELECT id, nombre FROM almacen WHERE id = ?]
2025-05-04T17:51:10.110+02:00 DEBUG 30700 --- [app] [           main] o.s.jdbc.datasource.DataSourceUtils      : Fetching JDBC Connection from DataSource
2025-05-04T17:51:10.118+02:00 DEBUG 30700 --- [app] [           main] o.s.jdbc.core.JdbcTemplate               : Executing prepared SQL update
2025-05-04T17:51:10.118+02:00 DEBUG 30700 --- [app] [           main] o.s.jdbc.core.JdbcTemplate               : Executing prepared SQL statement [DELETE FROM almacen WHERE id = ?]
2025-05-04T17:51:10.118+02:00 DEBUG 30700 --- [app] [           main] o.s.jdbc.datasource.DataSourceUtils      : Fetching JDBC Connection from DataSource
2025-05-04T17:51:10.118+02:00 DEBUG 30700 --- [app] [           main] org.springframework.test.context.cache   : Spring test ApplicationContext cache statistics: [DefaultContextCache@798cf6d2 size = 1, maxSize = 32, parentContextCount = 0, hitCount = 66, missCount = 1, failureCount = 0]
2025-05-04T17:51:10.118+02:00 DEBUG 30700 --- [app] [           main] org.springframework.test.context.cache   : Spring test ApplicationContext cache statistics: [DefaultContextCache@798cf6d2 size = 1, maxSize = 32, parentContextCount = 0, hitCount = 67, missCount = 1, failureCount = 0]
2025-05-04T17:51:10.118+02:00 DEBUG 30700 --- [app] [           main] org.springframework.test.context.cache   : Spring test ApplicationContext cache statistics: [DefaultContextCache@798cf6d2 size = 1, maxSize = 32, parentContextCount = 0, hitCount = 68, missCount = 1, failureCount = 0]
2025-05-04T17:51:10.118+02:00 DEBUG 30700 --- [app] [           main] org.springframework.test.context.cache   : Spring test ApplicationContext cache statistics: [DefaultContextCache@798cf6d2 size = 1, maxSize = 32, parentContextCount = 0, hitCount = 69, missCount = 1, failureCount = 0]
2025-05-04T17:51:10.118+02:00 DEBUG 30700 --- [app] [           main] org.springframework.test.context.cache   : Spring test ApplicationContext cache statistics: [DefaultContextCache@798cf6d2 size = 1, maxSize = 32, parentContextCount = 0, hitCount = 70, missCount = 1, failureCount = 0]
2025-05-04T17:51:10.118+02:00 DEBUG 30700 --- [app] [           main] org.springframework.test.context.cache   : Spring test ApplicationContext cache statistics: [DefaultContextCache@798cf6d2 size = 1, maxSize = 32, parentContextCount = 0, hitCount = 71, missCount = 1, failureCount = 0]
2025-05-04T17:51:10.122+02:00 DEBUG 30700 --- [app] [           main] org.springframework.test.context.cache   : Spring test ApplicationContext cache statistics: [DefaultContextCache@798cf6d2 size = 1, maxSize = 32, parentContextCount = 0, hitCount = 72, missCount = 1, failureCount = 0]
2025-05-04T17:51:10.122+02:00 DEBUG 30700 --- [app] [           main] .c.s.DirtiesContextTestExecutionListener : After test method: class [TestAlmacenDAO], method [testSave_And_FindById], class annotated with @DirtiesContext [false] with mode [null], method annotated with @DirtiesContext [false] with mode [null]
2025-05-04T17:51:10.122+02:00 DEBUG 30700 --- [app] [           main] o.s.t.c.w.ServletTestExecutionListener   : Resetting RequestContextHolder for test class es.udc.fic.xpn.app.dao.TestAlmacenDAO
]]></system-out>
  </testcase>
</testsuite>